[debug] [2023-08-06T22:03:15.165Z] ----------------------------------------------------------------------
[debug] [2023-08-06T22:03:15.167Z] Command:       /Users/clay/.nvm/versions/node/v20.5.0/bin/node /Users/clay/.nvm/versions/node/v20.5.0/bin/firebase init
[debug] [2023-08-06T22:03:15.167Z] CLI Version:   12.4.7
[debug] [2023-08-06T22:03:15.167Z] Platform:      darwin
[debug] [2023-08-06T22:03:15.167Z] Node Version:  v20.5.0
[debug] [2023-08-06T22:03:15.167Z] Time:          Sun Aug 06 2023 18:03:15 GMT-0400 (Eastern Daylight Time)
[debug] [2023-08-06T22:03:15.167Z] ----------------------------------------------------------------------
[debug] 
[debug] [2023-08-06T22:03:15.169Z] > command requires scopes: ["email","openid","https://www.googleapis.com/auth/cloudplatformprojects.readonly","https://www.googleapis.com/auth/firebase","https://www.googleapis.com/auth/cloud-platform"]
[debug] [2023-08-06T22:03:15.169Z] > authorizing via signed-in user (clay@revisioned.org)
[info] 
     ######## #### ########  ######## ########     ###     ######  ########
     ##        ##  ##     ## ##       ##     ##  ##   ##  ##       ##
     ######    ##  ########  ######   ########  #########  ######  ######
     ##        ##  ##    ##  ##       ##     ## ##     ##       ## ##
     ##       #### ##     ## ######## ########  ##     ##  ######  ########

You're about to initialize a Firebase project in this directory:

  /Users/clay/Development/UNI-Rainbows

[info] 
=== Account Setup
[info] 
[info] Which account do you want to use for this project? Choose an account or add a new one now
[info] 
[debug] [2023-08-06T22:03:24.030Z] setProjectAccount(/Users/clay/Development/UNI-Rainbows, clay@unicorn.love)
[info] 
[info] ✔  Using account: clay@unicorn.love 
[info] 
=== Project Setup
[info] 
[info] First, let's associate this project directory with a Firebase project.
[info] You can create multiple project aliases by running firebase use --add, 
[info] but for now we'll just set up a default project.
[info] 
[debug] [2023-08-06T22:03:25.902Z] > refreshing access token with scopes: []
[debug] [2023-08-06T22:03:25.905Z] >>> [apiv2][query] POST https://www.googleapis.com/oauth2/v3/token [none]
[debug] [2023-08-06T22:03:25.905Z] >>> [apiv2][body] POST https://www.googleapis.com/oauth2/v3/token [omitted]
[debug] [2023-08-06T22:03:26.150Z] <<< [apiv2][status] POST https://www.googleapis.com/oauth2/v3/token 200
[debug] [2023-08-06T22:03:26.150Z] <<< [apiv2][body] POST https://www.googleapis.com/oauth2/v3/token [omitted]
[debug] [2023-08-06T22:03:26.161Z] >>> [apiv2][query] GET https://firebase.googleapis.com/v1beta1/projects pageSize=100
[debug] [2023-08-06T22:03:26.556Z] <<< [apiv2][status] GET https://firebase.googleapis.com/v1beta1/projects 200
[debug] [2023-08-06T22:03:26.556Z] <<< [apiv2][body] GET https://firebase.googleapis.com/v1beta1/projects [omitted]
[info] i  Using project unicorn-rainbows (Rainbows) 
[info] 
=== Firestore Setup
[debug] [2023-08-06T22:03:27.639Z] >>> [apiv2][query] GET https://serviceusage.googleapis.com/v1/projects/unicorn-rainbows/services/firestore.googleapis.com [none]
[debug] [2023-08-06T22:03:27.639Z] >>> [apiv2][(partial)header] GET https://serviceusage.googleapis.com/v1/projects/unicorn-rainbows/services/firestore.googleapis.com x-goog-quota-user=projects/unicorn-rainbows
[debug] [2023-08-06T22:03:27.942Z] <<< [apiv2][status] GET https://serviceusage.googleapis.com/v1/projects/unicorn-rainbows/services/firestore.googleapis.com 200
[debug] [2023-08-06T22:03:27.942Z] <<< [apiv2][body] GET https://serviceusage.googleapis.com/v1/projects/unicorn-rainbows/services/firestore.googleapis.com [omitted]
[debug] [2023-08-06T22:03:27.942Z] >>> [apiv2][query] GET https://firestore.googleapis.com/v1/projects/unicorn-rainbows/databases/(default) [none]
[debug] [2023-08-06T22:03:28.229Z] <<< [apiv2][status] GET https://firestore.googleapis.com/v1/projects/unicorn-rainbows/databases/(default) 200
[debug] [2023-08-06T22:03:28.229Z] <<< [apiv2][body] GET https://firestore.googleapis.com/v1/projects/unicorn-rainbows/databases/(default) {"name":"projects/unicorn-rainbows/databases/(default)","uid":"988a6b63-6bb4-4e53-8477-f4a1e809f528","createTime":"2023-08-06T22:03:08.245510Z","updateTime":"2023-08-06T22:03:08.245510Z","locationId":"nam5","type":"FIRESTORE_NATIVE","concurrencyMode":"PESSIMISTIC","versionRetentionPeriod":"3600s","earliestVersionTime":"2023-08-06T22:03:08.245510Z","appEngineIntegrationMode":"DISABLED","keyPrefix":"s","pointInTimeRecoveryEnablement":"POINT_IN_TIME_RECOVERY_DISABLED","deleteProtectionState":"DELETE_PROTECTION_DISABLED","etag":"IMK33uWEyYADMIa8mNyEyYAD"}
[debug] [2023-08-06T22:03:28.230Z] database_type: FIRESTORE_NATIVE
[debug] [2023-08-06T22:03:28.230Z] > command requires scopes: ["email","openid","https://www.googleapis.com/auth/cloudplatformprojects.readonly","https://www.googleapis.com/auth/firebase","https://www.googleapis.com/auth/cloud-platform"]
[debug] [2023-08-06T22:03:28.230Z] > authorizing via signed-in user (clay@unicorn.love)
[debug] [2023-08-06T22:03:28.230Z] [iam] checking project unicorn-rainbows for permissions ["firebase.projects.get"]
[debug] [2023-08-06T22:03:28.231Z] >>> [apiv2][query] POST https://cloudresourcemanager.googleapis.com/v1/projects/unicorn-rainbows:testIamPermissions [none]
[debug] [2023-08-06T22:03:28.232Z] >>> [apiv2][(partial)header] POST https://cloudresourcemanager.googleapis.com/v1/projects/unicorn-rainbows:testIamPermissions x-goog-quota-user=projects/unicorn-rainbows
[debug] [2023-08-06T22:03:28.232Z] >>> [apiv2][body] POST https://cloudresourcemanager.googleapis.com/v1/projects/unicorn-rainbows:testIamPermissions {"permissions":["firebase.projects.get"]}
[debug] [2023-08-06T22:03:28.463Z] <<< [apiv2][status] POST https://cloudresourcemanager.googleapis.com/v1/projects/unicorn-rainbows:testIamPermissions 200
[debug] [2023-08-06T22:03:28.463Z] <<< [apiv2][body] POST https://cloudresourcemanager.googleapis.com/v1/projects/unicorn-rainbows:testIamPermissions {"permissions":["firebase.projects.get"]}
[info] 
[info] Firestore Security Rules allow you to define how and when to allow
[info] requests. You can keep these rules in your project directory
[info] and publish them with firebase deploy.
[info] 
[debug] [2023-08-06T22:03:40.727Z] >>> [apiv2][query] GET https://firebaserules.googleapis.com/v1/projects/unicorn-rainbows/releases pageSize=10&pageToken=
[debug] [2023-08-06T22:03:40.929Z] <<< [apiv2][status] GET https://firebaserules.googleapis.com/v1/projects/unicorn-rainbows/releases 200
[debug] [2023-08-06T22:03:40.930Z] <<< [apiv2][body] GET https://firebaserules.googleapis.com/v1/projects/unicorn-rainbows/releases {"releases":[{"name":"projects/unicorn-rainbows/releases/cloud.firestore","rulesetName":"projects/unicorn-rainbows/rulesets/88aee4c9-c732-4ad6-bf1d-6282d06eb3cc","createTime":"2023-08-06T22:03:09.493488Z","updateTime":"2023-08-06T22:03:09.493488Z"}]}
[debug] [2023-08-06T22:03:40.930Z] Found ruleset: projects/unicorn-rainbows/rulesets/88aee4c9-c732-4ad6-bf1d-6282d06eb3cc
[debug] [2023-08-06T22:03:40.930Z] >>> [apiv2][query] GET https://firebaserules.googleapis.com/v1/projects/unicorn-rainbows/rulesets/88aee4c9-c732-4ad6-bf1d-6282d06eb3cc [none]
[debug] [2023-08-06T22:03:41.012Z] <<< [apiv2][status] GET https://firebaserules.googleapis.com/v1/projects/unicorn-rainbows/rulesets/88aee4c9-c732-4ad6-bf1d-6282d06eb3cc 200
[debug] [2023-08-06T22:03:41.012Z] <<< [apiv2][body] GET https://firebaserules.googleapis.com/v1/projects/unicorn-rainbows/rulesets/88aee4c9-c732-4ad6-bf1d-6282d06eb3cc [omitted]
[info] 
[info] Firestore indexes allow you to perform complex queries while
[info] maintaining performance that scales with the size of the result
[info] set. You can keep index definitions in your project directory
[info] and publish them with firebase deploy.
[info] 
[debug] [2023-08-06T22:03:45.966Z] >>> [apiv2][query] GET https://firestore.googleapis.com/v1/projects/unicorn-rainbows/databases/(default)/collectionGroups/-/indexes [none]
[debug] [2023-08-06T22:03:45.970Z] >>> [apiv2][query] GET https://firestore.googleapis.com/v1/projects/unicorn-rainbows/databases/(default)/collectionGroups/-/fields?filter=indexConfig.usesAncestorConfig=false OR ttlConfig:* [none]
[debug] [2023-08-06T22:03:46.175Z] <<< [apiv2][status] GET https://firestore.googleapis.com/v1/projects/unicorn-rainbows/databases/(default)/collectionGroups/-/indexes 200
[debug] [2023-08-06T22:03:46.175Z] <<< [apiv2][body] GET https://firestore.googleapis.com/v1/projects/unicorn-rainbows/databases/(default)/collectionGroups/-/indexes {}
[debug] [2023-08-06T22:03:46.796Z] <<< [apiv2][status] GET https://firestore.googleapis.com/v1/projects/unicorn-rainbows/databases/(default)/collectionGroups/-/fields?filter=indexConfig.usesAncestorConfig=false OR ttlConfig:* 200
[debug] [2023-08-06T22:03:46.797Z] <<< [apiv2][body] GET https://firestore.googleapis.com/v1/projects/unicorn-rainbows/databases/(default)/collectionGroups/-/fields?filter=indexConfig.usesAncestorConfig=false OR ttlConfig:* {"fields":[{"name":"projects/unicorn-rainbows/databases/(default)/collectionGroups/__default__/fields/*","indexConfig":{"indexes":[{"queryScope":"COLLECTION","fields":[{"fieldPath":"*","order":"ASCENDING"}],"state":"READY"},{"queryScope":"COLLECTION","fields":[{"fieldPath":"*","order":"DESCENDING"}],"state":"READY"},{"queryScope":"COLLECTION","fields":[{"fieldPath":"*","arrayConfig":"CONTAINS"}],"state":"READY"}]}}]}
[info] 
=== Functions Setup
[debug] [2023-08-06T22:03:46.799Z] > command requires scopes: ["email","openid","https://www.googleapis.com/auth/cloudplatformprojects.readonly","https://www.googleapis.com/auth/firebase","https://www.googleapis.com/auth/cloud-platform"]
[debug] [2023-08-06T22:03:46.800Z] > authorizing via signed-in user (clay@unicorn.love)
[debug] [2023-08-06T22:03:46.800Z] [iam] checking project unicorn-rainbows for permissions ["firebase.projects.get"]
[debug] [2023-08-06T22:03:46.800Z] >>> [apiv2][query] POST https://cloudresourcemanager.googleapis.com/v1/projects/unicorn-rainbows:testIamPermissions [none]
[debug] [2023-08-06T22:03:46.800Z] >>> [apiv2][(partial)header] POST https://cloudresourcemanager.googleapis.com/v1/projects/unicorn-rainbows:testIamPermissions x-goog-quota-user=projects/unicorn-rainbows
[debug] [2023-08-06T22:03:46.800Z] >>> [apiv2][body] POST https://cloudresourcemanager.googleapis.com/v1/projects/unicorn-rainbows:testIamPermissions {"permissions":["firebase.projects.get"]}
[debug] [2023-08-06T22:03:46.986Z] <<< [apiv2][status] POST https://cloudresourcemanager.googleapis.com/v1/projects/unicorn-rainbows:testIamPermissions 200
[debug] [2023-08-06T22:03:46.987Z] <<< [apiv2][body] POST https://cloudresourcemanager.googleapis.com/v1/projects/unicorn-rainbows:testIamPermissions {"permissions":["firebase.projects.get"]}
[debug] [2023-08-06T22:03:46.987Z] >>> [apiv2][query] GET https://serviceusage.googleapis.com/v1/projects/unicorn-rainbows/services/cloudfunctions.googleapis.com [none]
[debug] [2023-08-06T22:03:46.988Z] >>> [apiv2][(partial)header] GET https://serviceusage.googleapis.com/v1/projects/unicorn-rainbows/services/cloudfunctions.googleapis.com x-goog-quota-user=projects/unicorn-rainbows
[debug] [2023-08-06T22:03:46.990Z] >>> [apiv2][query] GET https://serviceusage.googleapis.com/v1/projects/unicorn-rainbows/services/runtimeconfig.googleapis.com [none]
[debug] [2023-08-06T22:03:46.990Z] >>> [apiv2][(partial)header] GET https://serviceusage.googleapis.com/v1/projects/unicorn-rainbows/services/runtimeconfig.googleapis.com x-goog-quota-user=projects/unicorn-rainbows
[debug] [2023-08-06T22:03:47.355Z] <<< [apiv2][status] GET https://serviceusage.googleapis.com/v1/projects/unicorn-rainbows/services/runtimeconfig.googleapis.com 200
[debug] [2023-08-06T22:03:47.356Z] <<< [apiv2][body] GET https://serviceusage.googleapis.com/v1/projects/unicorn-rainbows/services/runtimeconfig.googleapis.com [omitted]
[debug] [2023-08-06T22:03:47.427Z] <<< [apiv2][status] GET https://serviceusage.googleapis.com/v1/projects/unicorn-rainbows/services/cloudfunctions.googleapis.com 200
[debug] [2023-08-06T22:03:47.427Z] <<< [apiv2][body] GET https://serviceusage.googleapis.com/v1/projects/unicorn-rainbows/services/cloudfunctions.googleapis.com [omitted]
[debug] [2023-08-06T22:03:47.427Z] >>> [apiv2][query] POST https://serviceusage.googleapis.com/v1/projects/unicorn-rainbows/services/cloudfunctions.googleapis.com:enable [none]
[debug] [2023-08-06T22:03:47.427Z] >>> [apiv2][(partial)header] POST https://serviceusage.googleapis.com/v1/projects/unicorn-rainbows/services/cloudfunctions.googleapis.com:enable x-goog-quota-user=projects/unicorn-rainbows
[debug] [2023-08-06T22:03:47.905Z] <<< [apiv2][status] POST https://serviceusage.googleapis.com/v1/projects/unicorn-rainbows/services/cloudfunctions.googleapis.com:enable 200
[debug] [2023-08-06T22:03:47.905Z] <<< [apiv2][body] POST https://serviceusage.googleapis.com/v1/projects/unicorn-rainbows/services/cloudfunctions.googleapis.com:enable [omitted]
[debug] [2023-08-06T22:03:57.908Z] >>> [apiv2][query] GET https://serviceusage.googleapis.com/v1/projects/unicorn-rainbows/services/cloudfunctions.googleapis.com [none]
[debug] [2023-08-06T22:03:57.908Z] >>> [apiv2][(partial)header] GET https://serviceusage.googleapis.com/v1/projects/unicorn-rainbows/services/cloudfunctions.googleapis.com x-goog-quota-user=projects/unicorn-rainbows
[debug] [2023-08-06T22:03:58.224Z] <<< [apiv2][status] GET https://serviceusage.googleapis.com/v1/projects/unicorn-rainbows/services/cloudfunctions.googleapis.com 200
[debug] [2023-08-06T22:03:58.224Z] <<< [apiv2][body] GET https://serviceusage.googleapis.com/v1/projects/unicorn-rainbows/services/cloudfunctions.googleapis.com [omitted]
[info] Let's create a new codebase for your functions.
[info] A directory corresponding to the codebase will be created in your project
[info] with sample code pre-configured.

[info] See https://firebase.google.com/docs/functions/organize-functions for
[info] more information on organizing your functions using codebases.

[info] Functions can be deployed with firebase deploy.

[info] ✔  Wrote functions/package.json 
[info] ✔  Wrote functions/.eslintrc.js 
[info] ✔  Wrote functions/tsconfig.json 
[info] ✔  Wrote functions/tsconfig.dev.json 
[info] ✔  Wrote functions/src/index.ts 
[info] ✔  Wrote functions/.gitignore 
[info] 
=== Hosting Setup
[info] 
[info] Your public directory is the folder (relative to your project directory) that
[info] will contain Hosting assets to be uploaded with firebase deploy. If you
[info] have a build process for your assets, use your build's output directory.
[info] 
[debug] [2023-08-06T22:04:55.066Z] >>> [apiv2][query] GET https://www.gstatic.com/firebasejs/releases.json [none]
[debug] [2023-08-06T22:04:55.168Z] <<< [apiv2][status] GET https://www.gstatic.com/firebasejs/releases.json 200
[debug] [2023-08-06T22:04:55.169Z] <<< [apiv2][body] GET https://www.gstatic.com/firebasejs/releases.json {"current":{"version":"10.1.0","browserURL":"https://www.gstatic.com/firebasejs/10.1.0/firebase.js","packageURL":"https://www.gstatic.com/firebasejs/10.1.0/firebase.tgz"},"live":{"version":"10.1","browserURL":"https://www.gstatic.com/firebasejs/live/10.1/firebase.js","packageURL":"https://www.gstatic.com/firebasejs/live/10.1/firebase.tgz"},"components":{"analytics":"https://www.gstatic.com/firebasejs/10.1.0/firebase-analytics.js","app":"https://www.gstatic.com/firebasejs/10.1.0/firebase-app.js","app-check":"https://www.gstatic.com/firebasejs/10.1.0/firebase-app-check.js","auth":"https://www.gstatic.com/firebasejs/10.1.0/firebase-auth.js","auth/cordova":"https://www.gstatic.com/firebasejs/10.1.0/firebase-auth/cordova.js","functions":"https://www.gstatic.com/firebasejs/10.1.0/firebase-functions.js","firestore":"https://www.gstatic.com/firebasejs/10.1.0/firebase-firestore.js","firestore/lite":"https://www.gstatic.com/firebasejs/10.1.0/firebase-firestore/lite.js","installations":"https://www.gstatic.com/firebasejs/10.1.0/firebase-installations.js","storage":"https://www.gstatic.com/firebasejs/10.1.0/firebase-storage.js","performance":"https://www.gstatic.com/firebasejs/10.1.0/firebase-performance.js","remote-config":"https://www.gstatic.com/firebasejs/10.1.0/firebase-remote-config.js","messaging":"https://www.gstatic.com/firebasejs/10.1.0/firebase-messaging.js","messaging/sw":"https://www.gstatic.com/firebasejs/10.1.0/firebase-messaging/sw.js","database":"https://www.gstatic.com/firebasejs/10.1.0/firebase-database.js","firestore.memory":"https://www.gstatic.com/firebasejs/10.1.0/firebase-firestore.memory.js"}}
[info] ✔  Wrote build/index.html 
[info] 
[info] i  Detected a .git folder at /Users/clay/Development/UNI-Rainbows 
[info] i  Authorizing with GitHub to upload your service account to a GitHub repository's secrets store. 
[info] 
[info] Visit this URL on this device to log in:
[info] https://github.com/login/oauth/authorize?client_id=89cf50f02ac6aaed3484&state=97228830&redirect_uri=http%3A%2F%2Flocalhost%3A9005&scope=read%3Auser%20repo%20public_repo
[info] 
[info] Waiting for authentication...
[debug] [2023-08-06T22:04:55.578Z] >>> [apiv2][query] POST https://github.com/login/oauth/access_token [none]
[debug] [2023-08-06T22:04:55.578Z] >>> [apiv2][body] POST https://github.com/login/oauth/access_token [stream]
[debug] [2023-08-06T22:04:55.765Z] <<< [apiv2][status] POST https://github.com/login/oauth/access_token 200
[debug] [2023-08-06T22:04:55.765Z] <<< [apiv2][body] POST https://github.com/login/oauth/access_token {"access_token":"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","token_type":"bearer","scope":"read:user,repo"}
[debug] [2023-08-06T22:04:55.774Z] >>> [apiv2][query] GET https://api.github.com/user [none]
[debug] [2023-08-06T22:04:56.019Z] <<< [apiv2][status] GET https://api.github.com/user 200
[debug] [2023-08-06T22:04:56.019Z] <<< [apiv2][body] GET https://api.github.com/user {"login":"thinkclay","id":209344,"node_id":"MDQ6VXNlcjIwOTM0NA==","avatar_url":"https://avatars.githubusercontent.com/u/209344?v=4","gravatar_id":"","url":"https://api.github.com/users/thinkclay","html_url":"https://github.com/thinkclay","followers_url":"https://api.github.com/users/thinkclay/followers","following_url":"https://api.github.com/users/thinkclay/following{/other_user}","gists_url":"https://api.github.com/users/thinkclay/gists{/gist_id}","starred_url":"https://api.github.com/users/thinkclay/starred{/owner}{/repo}","subscriptions_url":"https://api.github.com/users/thinkclay/subscriptions","organizations_url":"https://api.github.com/users/thinkclay/orgs","repos_url":"https://api.github.com/users/thinkclay/repos","events_url":"https://api.github.com/users/thinkclay/events{/privacy}","received_events_url":"https://api.github.com/users/thinkclay/received_events","type":"User","site_admin":false,"name":"Clayton (McIlrath) Unicorn","company":"@Unicorn ","blog":"https://unicorn.love","location":"Lake, MI","email":"thinkclay@gmail.com","hireable":null,"bio":"I'm a contractor and consultant available for hire through @Unicorn. I work on my own products such as @UnicornTV and love teaching and writing!","twitter_username":null,"public_repos":64,"public_gists":34,"followers":83,"following":89,"created_at":"2010-02-23T17:50:45Z","updated_at":"2023-05-15T12:19:57Z","private_gists":6,"total_private_repos":7,"owned_private_repos":7,"disk_usage":325722,"collaborators":3,"two_factor_authentication":true,"plan":{"name":"free","space":976562499,"collaborators":0,"private_repos":10000}}
[info] 
[info] ✔  Success! Logged into GitHub as thinkclay 
[info] 
